<?xml version="1.0" encoding="UTF-8"?>
<!-- Generated by org.testng.reporters.JUnitReportReporter -->
<testsuite hostname="Suraj_Mishra" failures="0" tests="1" name="tests.runSampleTests" time="43.625" errors="0" timestamp="2024-05-03T23:14:39 IST" skipped="0">
  <testcase classname="tests.runSampleTests" name="sampleTest" time="43.625"/>
  <system-out/>
</testsuite> <!-- tests.runSampleTests -->
