<?xml version="1.0" encoding="UTF-8"?>
<!-- Generated by org.testng.reporters.JUnitReportReporter -->
<testsuite hostname="Suraj_Mishra" failures="0" tests="1" name="runner.HandleDynamicWebTableRunner" time="2.067" errors="1" timestamp="2024-05-03T23:43:20 IST" skipped="0">
  <testcase classname="runner.HandleDynamicWebTableRunner" name="runScenario" time="2.067">
    <error message="Could not start a new session. Response code 500. Message: An unknown server-side error occurred while processing the command. Original error: Error executing adbExec. Original error: &#039;Command &#039;C:\\Users\\mishr\\AppData\\Local\\Android\\Sdk\\platform-tools\\adb.exe -P 5037 -s 96639fad shell cmd package list packages&#039; exited with code 255&#039;; Command output: 
Exception occurred while executing &#039;list&#039;:
java.lang.SecurityException: Shell does not have permission to access user 10
 com.android.server.am.ActivityManagerService.handleIncomingUser:14235 android.app.ActivityManager.handleIncomingUser:4748 com.android.server.pm.PackageManagerShellCommand.translateUserId:3728 
	at com.android.server.am.UserController.handleIncomingUser(UserController.java:2710)
	at com.android.server.am.ActivityManagerService.handleIncomingUser(ActivityManagerService.java:14235)
	at android.app.ActivityManager.handleIncomingUser(ActivityManager.java:4748)
	at com.android.server.pm.PackageManagerShellCommand.translateUserId(PackageManagerShellCommand.java:3728)
	at com.android.server.pm.PackageManagerShellCommand.runListPackages(PackageManagerShellCommand.java:1063)
	at com.android.server.pm.PackageManagerShellCommand.runListPackages(PackageManagerShellCommand.java:959)
	at com.android.server.pm.PackageManagerShellCommand.runList(PackageManagerShellCommand.java:792)
	at com.android.server.pm.PackageManagerShellCommand.onCommand(PackageManagerShellCommand.java:234)
	at com.android.modules.utils.BasicShellCommandHandler.exec(BasicShellCommandHandler.java:97)
	at android.os.ShellCommand.exec(ShellCommand.java:38)
	at com.android.server.pm.PackageManagerService$IPackageManagerImpl.onShellCommand(PackageManagerService.java:6823)
	at android.os.Binder.shellCommand(Binder.java:1092)
	at android.os.Binder.onTransact(Binder.java:912)
	at android.content.pm.IPackageManager$Stub.onTransact(IPackageManager.java:4352)
	at com.android.server.pm.PackageManagerService$IPackageManagerImpl.onTransact(PackageManagerService.java:6807)
	at android.os.Binder.execTransactInternal(Binder.java:1392)
	at android.os.Binder.execTransact(Binder.java:1299)
 
Host info: host: &#039;SURAJ_MISHRA&#039;, ip: &#039;192.168.29.95&#039;
Build info: version: &#039;4.20.0&#039;, revision: &#039;866c76ca80&#039;
System info: os.name: &#039;Windows 11&#039;, os.arch: &#039;amd64&#039;, os.version: &#039;10.0&#039;, java.version: &#039;17.0.10&#039;
Driver info: io.appium.java_client.android.AndroidDriver
Command: [null, newSession {capabilities=[{platformName=ANDROID, appium:platformVersion=14, appium:automationName=Uiautomator2, appium:deviceName=One Plus 12, appium:browserName=Chrome, appium:platformName=Android, appium:udid=96639fad, appium:noReset=true}], desiredCapabilities=Capabilities {appium:automationName: Uiautomator2, appium:browserName: Chrome, appium:deviceName: One Plus 12, appium:noReset: true, appium:platformName: Android, appium:platformVersion: 14, appium:udid: 96639fad, platformName: ANDROID}}]
Capabilities {appium:automationName: Uiautomator2, appium:browserName: Chrome, appium:deviceName: One Plus 12, appium:noReset: true, appium:platformName: Android, appium:platformVersion: 14, appium:udid: 96639fad, platformName: ANDROID}" type="org.openqa.selenium.SessionNotCreatedException">
      <![CDATA[org.openqa.selenium.SessionNotCreatedException: Could not start a new session. Response code 500. Message: An unknown server-side error occurred while processing the command. Original error: Error executing adbExec. Original error: 'Command 'C:\\Users\\mishr\\AppData\\Local\\Android\\Sdk\\platform-tools\\adb.exe -P 5037 -s 96639fad shell cmd package list packages' exited with code 255'; Command output: 
Exception occurred while executing 'list':
java.lang.SecurityException: Shell does not have permission to access user 10
 com.android.server.am.ActivityManagerService.handleIncomingUser:14235 android.app.ActivityManager.handleIncomingUser:4748 com.android.server.pm.PackageManagerShellCommand.translateUserId:3728 
at com.android.server.am.UserController.handleIncomingUser(UserController.java:2710)
at com.android.server.am.ActivityManagerService.handleIncomingUser(ActivityManagerService.java:14235)
at android.app.ActivityManager.handleIncomingUser(ActivityManager.java:4748)
at com.android.server.pm.PackageManagerShellCommand.translateUserId(PackageManagerShellCommand.java:3728)
at com.android.server.pm.PackageManagerShellCommand.runListPackages(PackageManagerShellCommand.java:1063)
at com.android.server.pm.PackageManagerShellCommand.runListPackages(PackageManagerShellCommand.java:959)
at com.android.server.pm.PackageManagerShellCommand.runList(PackageManagerShellCommand.java:792)
at com.android.server.pm.PackageManagerShellCommand.onCommand(PackageManagerShellCommand.java:234)
at com.android.modules.utils.BasicShellCommandHandler.exec(BasicShellCommandHandler.java:97)
at android.os.ShellCommand.exec(ShellCommand.java:38)
at com.android.server.pm.PackageManagerService$IPackageManagerImpl.onShellCommand(PackageManagerService.java:6823)
at android.os.Binder.shellCommand(Binder.java:1092)
at android.os.Binder.onTransact(Binder.java:912)
at android.content.pm.IPackageManager$Stub.onTransact(IPackageManager.java:4352)
at com.android.server.pm.PackageManagerService$IPackageManagerImpl.onTransact(PackageManagerService.java:6807)
at android.os.Binder.execTransactInternal(Binder.java:1392)
at android.os.Binder.execTransact(Binder.java:1299)
 
Host info: host: 'SURAJ_MISHRA', ip: '192.168.29.95'
Build info: version: '4.20.0', revision: '866c76ca80'
System info: os.name: 'Windows 11', os.arch: 'amd64', os.version: '10.0', java.version: '17.0.10'
Driver info: io.appium.java_client.android.AndroidDriver
Command: [null, newSession {capabilities=[{platformName=ANDROID, appium:platformVersion=14, appium:automationName=Uiautomator2, appium:deviceName=One Plus 12, appium:browserName=Chrome, appium:platformName=Android, appium:udid=96639fad, appium:noReset=true}], desiredCapabilities=Capabilities {appium:automationName: Uiautomator2, appium:browserName: Chrome, appium:deviceName: One Plus 12, appium:noReset: true, appium:platformName: Android, appium:platformVersion: 14, appium:udid: 96639fad, platformName: ANDROID}}]
Capabilities {appium:automationName: Uiautomator2, appium:browserName: Chrome, appium:deviceName: One Plus 12, appium:noReset: true, appium:platformName: Android, appium:platformVersion: 14, appium:udid: 96639fad, platformName: ANDROID}
at org.openqa.selenium.remote.ProtocolHandshake.createSession(ProtocolHandshake.java:114)
at java.base/jdk.internal.reflect.NativeMethodAccessorImpl.invoke0(Native Method)
at java.base/jdk.internal.reflect.NativeMethodAccessorImpl.invoke(NativeMethodAccessorImpl.java:77)
at java.base/jdk.internal.reflect.DelegatingMethodAccessorImpl.invoke(DelegatingMethodAccessorImpl.java:43)
at java.base/java.lang.reflect.Method.invoke(Method.java:568)
at io.appium.java_client.remote.AppiumProtocolHandshake.createSession(AppiumProtocolHandshake.java:116)
at io.appium.java_client.remote.AppiumProtocolHandshake.createSession(AppiumProtocolHandshake.java:96)
at io.appium.java_client.remote.AppiumCommandExecutor.createSession(AppiumCommandExecutor.java:176)
at io.appium.java_client.remote.AppiumCommandExecutor.execute(AppiumCommandExecutor.java:237)
at org.openqa.selenium.remote.RemoteWebDriver.execute(RemoteWebDriver.java:518)
at io.appium.java_client.AppiumDriver.startSession(AppiumDriver.java:268)
at org.openqa.selenium.remote.RemoteWebDriver.<init>(RemoteWebDriver.java:161)
at io.appium.java_client.AppiumDriver.<init>(AppiumDriver.java:90)
at io.appium.java_client.AppiumDriver.<init>(AppiumDriver.java:102)
at io.appium.java_client.android.AndroidDriver.<init>(AndroidDriver.java:109)
at baseclass.Driver.initDriver(Driver.java:33)
at hooks.CucumberHooks.setup(CucumberHooks.java:17)
]]>
    </error>
  </testcase> <!-- runScenario -->
  <system-out/>
</testsuite> <!-- runner.HandleDynamicWebTableRunner -->
