<?xml version="1.0" encoding="UTF-8"?>
<!-- Generated by org.testng.reporters.JUnitReportReporter -->
<testsuite hostname="Suraj_Mishra" failures="0" tests="1" name="runner.TestAmazonSearchRunner" time="92.363" errors="0" timestamp="2024-05-10T13:26:31 IST" skipped="0">
  <testcase classname="runner.TestAmazonSearchRunner" name="runScenario" time="92.363"/>
</testsuite> <!-- runner.TestAmazonSearchRunner -->
